c:\users\brenn\documents\gp2.1\gp2.1\x64\debug\vc143.pdb
c:\users\brenn\documents\gp2.1\gp2.1\x64\debug\vc143.idb
c:\users\brenn\documents\gp2.1\gp2.1\x64\debug\texture.obj
c:\users\brenn\documents\gp2.1\gp2.1\x64\debug\sphere.obj
c:\users\brenn\documents\gp2.1\gp2.1\x64\debug\shader.obj
c:\users\brenn\documents\gp2.1\gp2.1\x64\debug\model.obj
c:\users\brenn\documents\gp2.1\gp2.1\x64\debug\main.obj
c:\users\brenn\documents\gp2.1\gp2.1\x64\debug\cuboid.obj
c:\users\brenn\documents\gp2.1\gp2.1\x64\debug\cube.obj
c:\users\brenn\documents\gp2.1\gp2.1\x64\debug\camera.obj
c:\users\brenn\documents\gp2.1\x64\debug\glfw3.dll
c:\users\brenn\documents\gp2.1\x64\debug\gp2.1.exe
c:\users\brenn\documents\gp2.1\x64\debug\gp2.1.pdb
c:\users\brenn\documents\gp2.1\gp2.1\x64\debug\gp2.1.ilk
c:\users\brenn\documents\gp2.1\gp2.1\x64\debug\gp2.1.tlog\cl.command.1.tlog
c:\users\brenn\documents\gp2.1\gp2.1\x64\debug\gp2.1.tlog\cl.items.tlog
c:\users\brenn\documents\gp2.1\gp2.1\x64\debug\gp2.1.tlog\cl.read.1.tlog
c:\users\brenn\documents\gp2.1\gp2.1\x64\debug\gp2.1.tlog\cl.write.1.tlog
c:\users\brenn\documents\gp2.1\gp2.1\x64\debug\gp2.1.tlog\gp2.1.write.1u.tlog
c:\users\brenn\documents\gp2.1\gp2.1\x64\debug\gp2.1.tlog\link.command.1.tlog
c:\users\brenn\documents\gp2.1\gp2.1\x64\debug\gp2.1.tlog\link.read.1.tlog
c:\users\brenn\documents\gp2.1\gp2.1\x64\debug\gp2.1.tlog\link.secondary.1.tlog
c:\users\brenn\documents\gp2.1\gp2.1\x64\debug\gp2.1.tlog\link.write.1.tlog
